<?xml version="1.0" encoding="UTF-8"?>
<!-- Generated by org.testng.reporters.JUnitReportReporter -->
<testsuite hostname="Krissh-MacBook-Pro.local" failures="0" tests="1" name="test.intrfcs.Family" time="0.002" errors="0" timestamp="2024-05-19T15:46:44 EDT" skipped="0">
  <testcase classname="test.intrfcs.Family" name="test1" time="0.002"/>
</testsuite> <!-- test.intrfcs.Family -->
