<?xml version="1.0" encoding="UTF-8"?>
<!-- Generated by org.testng.reporters.JUnitReportReporter -->
<testsuite hostname="krissh-mbp.notrust.clients.wireless.pfw.edu" failures="0" tests="2" name="krisshPortfolio.HomePageTests" time="12.375" errors="0" timestamp="2024-05-20T15:47:04 EDT" skipped="0">
  <testcase classname="krisshPortfolio.HomePageTests" name="test1" time="6.169"/>
  <testcase classname="krisshPortfolio.HomePageTests" name="test2" time="6.206"/>
</testsuite> <!-- krisshPortfolio.HomePageTests -->
