<?xml version="1.0" encoding="UTF-8"?>
<!-- Generated by org.testng.reporters.JUnitReportReporter -->
<testsuite hostname="Krissh-MacBook-Pro.local" failures="0" tests="1" name="test.Tests" time="0.039" errors="0" timestamp="2024-05-19T14:33:45 EDT" skipped="0">
  <testcase classname="test.Tests" name="test1" time="0.039"/>
</testsuite> <!-- test.Tests -->
