<?xml version="1.0" encoding="UTF-8"?>
<!-- Generated by org.testng.reporters.JUnitReportReporter -->
<testsuite hostname="krissh-mbp.notrust.clients.wireless.pfw.edu" failures="0" tests="3" name="utilities.ExtentDemo" time="0.005" errors="0" timestamp="2024-05-20T18:05:37 EDT" skipped="0">
  <testcase classname="utilities.ExtentDemo" name="test3" time="0.001"/>
  <testcase classname="utilities.ExtentDemo" name="test2" time="0.000"/>
  <testcase classname="utilities.ExtentDemo" name="test1" time="0.004"/>
</testsuite> <!-- utilities.ExtentDemo -->
