<?xml version="1.0" encoding="UTF-8"?>
<!-- Generated by org.testng.reporters.JUnitReportReporter -->
<testsuite hostname="krissh-mbp.notrust.clients.wireless.pfw.edu" failures="0" tests="3" name="krisshPortfolio.HomePageTests" time="19.587" errors="0" timestamp="2024-05-23T15:16:09 EDT" skipped="0">
  <testcase classname="krisshPortfolio.HomePageTests" name="test1" time="6.896"/>
  <testcase classname="krisshPortfolio.HomePageTests" name="test2" time="7.255"/>
  <testcase classname="krisshPortfolio.HomePageTests" name="test3" time="5.436"/>
</testsuite> <!-- krisshPortfolio.HomePageTests -->
