<?xml version="1.0" encoding="UTF-8"?>
<!-- Generated by org.testng.reporters.JUnitReportReporter -->
<testsuite hostname="Krissh-MacBook-Pro.local" failures="0" tests="1" name="test.Test" time="1.781" errors="0" timestamp="2024-05-27T13:42:25 EDT" skipped="0">
  <testcase classname="test.Test" name="test" time="1.781"/>
</testsuite> <!-- test.Test -->
