<?xml version="1.0" encoding="UTF-8"?>
<!-- Generated by org.testng.reporters.JUnitReportReporter -->
<testsuite hostname="Krissh-MacBook-Pro.local" failures="0" tests="1" name="krisshPortfolio.HomePageTests" time="6.003" errors="0" timestamp="2024-05-19T22:56:16 EDT" skipped="0">
  <testcase classname="krisshPortfolio.HomePageTests" name="test1" time="6.003"/>
</testsuite> <!-- krisshPortfolio.HomePageTests -->
