<?xml version="1.0" encoding="UTF-8"?>
<!-- Generated by org.testng.reporters.JUnitReportReporter -->
<testsuite hostname="Krissh-MacBook-Pro.local" failures="0" tests="1" name="test.HomepageTest" time="0.019" errors="0" timestamp="2024-05-16T11:30:16 EDT" skipped="0">
  <testcase classname="test.HomepageTest" name="test1" time="0.019"/>
</testsuite> <!-- test.HomepageTest -->
