<?xml version="1.0" encoding="UTF-8"?>
<!-- Generated by org.testng.reporters.JUnitReportReporter -->
<testsuite hostname="krissh-mbp.notrust.clients.wireless.pfw.edu" failures="0" tests="1" name="homepage.Test" time="0.018" errors="0" timestamp="2024-05-15T23:45:20 EDT" skipped="0">
  <testcase classname="homepage.Test" name="test1" time="0.018"/>
</testsuite> <!-- homepage.Test -->
