<?xml version="1.0" encoding="UTF-8"?>
<!-- Generated by org.testng.reporters.JUnitReportReporter -->
<testsuite hostname="krissh-mbp.notrust.clients.wireless.pfw.edu" failures="0" tests="1" name="test.Tests" time="0.034" errors="0" timestamp="2024-05-18T19:56:09 EDT" skipped="0">
  <testcase classname="test.Tests" name="test1" time="0.034"/>
</testsuite> <!-- test.Tests -->
